=====================
INSTALLING FOR DEBIAN
=====================


WARNING: apt does not have a stable CLI interface. Use with caution in scripts.

Reading package lists...
Building dependency tree...
Reading state information...
python3 is already the newest version (3.11.4-5).
0 upgraded, 0 newly installed, 0 to remove and 0 not upgraded.

--------------------


WARNING: apt does not have a stable CLI interface. Use with caution in scripts.

Reading package lists...
Building dependency tree...
Reading state information...
python3-pip is already the newest version (23.2+dfsg-1ubuntu0.1).
0 upgraded, 0 newly installed, 0 to remove and 0 not upgraded.

--------------------


WARNING: apt does not have a stable CLI interface. Use with caution in scripts.

Reading package lists...
Building dependency tree...
Reading state information...
python3-requests is already the newest version (2.31.0+dfsg-1ubuntu1).
0 upgraded, 0 newly installed, 0 to remove and 0 not upgraded.

--------------------


WARNING: apt does not have a stable CLI interface. Use with caution in scripts.

Reading package lists...
Building dependency tree...
Reading state information...
python3-packaging is already the newest version (23.1-1).
0 upgraded, 0 newly installed, 0 to remove and 0 not upgraded.

--------------------


WARNING: apt does not have a stable CLI interface. Use with caution in scripts.

Reading package lists...
Building dependency tree...
Reading state information...
python3-psutil is already the newest version (5.9.4-1build1).
0 upgraded, 0 newly installed, 0 to remove and 0 not upgraded.

--------------------


WARNING: apt does not have a stable CLI interface. Use with caution in scripts.

Reading package lists...
Building dependency tree...
Reading state information...
php is already the newest version (2:8.2+93ubuntu1).
0 upgraded, 0 newly installed, 0 to remove and 0 not upgraded.

--------------------

=========
COMPLETED
=========

